{
  "RSpec": {
    "coverage": {
      "/Users/jordanschool/turing/mod_3/in_class/sesac/princess_1/lib/path.rb": {
        "lines": [
          1,
          1,
          null,
          1,
          1,
          0,
          null,
          1,
          0,
          null,
          1,
          0,
          null,
          1,
          0,
          null,
          null,
          1,
          1,
          null,
          1,
          1,
          null,
          0,
          null,
          1,
          1,
          null,
          0,
          null,
          1,
          null,
          null,
          1,
          1,
          2,
          1,
          2,
          1,
          null,
          null,
          null,
          null,
          null,
          null,
          1,
          1,
          3,
          1,
          3,
          1,
          null,
          null,
          null,
          null,
          null,
          null,
          1,
          null,
          null,
          1,
          1,
          1,
          null,
          null
        ]
      },
      "/Users/jordanschool/turing/mod_3/in_class/sesac/princess_1/lib/grid.rb": {
        "lines": [
          1,
          1,
          null,
          1,
          0,
          0,
          null,
          null,
          1,
          0,
          0,
          null,
          null,
          null,
          1,
          0,
          0,
          null,
          null,
          1,
          0,
          0,
          null,
          null,
          1,
          0,
          null,
          null,
          1,
          0,
          null,
          null,
          null,
          null,
          null,
          null,
          null,
          null,
          null,
          null,
          null,
          null
        ]
      },
      "/Users/jordanschool/turing/mod_3/in_class/sesac/princess_1/lib/bot.rb": {
        "lines": [
          1,
          1,
          null,
          1,
          0,
          null,
          null,
          1,
          0,
          null,
          null,
          1,
          0,
          0,
          null,
          null,
          null,
          null,
          null,
          null,
          null
        ]
      },
      "/Users/jordanschool/turing/mod_3/in_class/sesac/princess_1/lib/princess.rb": {
        "lines": [
          1,
          null,
          1,
          null,
          null,
          1,
          0,
          0,
          0,
          0,
          null,
          null,
          null,
          null,
          null,
          null
        ]
      }
    },
    "timestamp": 1624636975
  }
}
